Log file open, 03/05/20 20:50:38
LogWindows: Failed to load 'aqProf.dll' (GetLastError=126)
LogWindows: File 'aqProf.dll' does not exist
LogWindows: Failed to load 'VtuneApi.dll' (GetLastError=126)
LogWindows: File 'VtuneApi.dll' does not exist
LogWindows: Failed to load 'VtuneApi32e.dll' (GetLastError=126)
LogWindows: File 'VtuneApi32e.dll' does not exist
LogConsoleResponse: Display: Failed to find resolution value strings in scalability ini. Falling back to default.
LogInit: Display: Running engine for game: FZeroX
LogPlatformFile: Not using cached read wrapper
LogTaskGraph: Started task graph with 5 named threads and 23 total threads with 3 sets of task threads.
LogStats: Stats thread started at 0.165655
LogD3D11RHI: Loaded GFSDK_Aftermath_Lib.x64.dll
LogICUInternationalization: ICU TimeZone Detection - Raw Offset: +1:00, Platform Override: ''
LogPluginManager: Mounting plugin Paper2D
LogPluginManager: Mounting plugin AISupport
LogPluginManager: Mounting plugin LightPropagationVolume
LogPluginManager: Mounting plugin ActorLayerUtilities
LogPluginManager: Mounting plugin AnimationSharing
LogPluginManager: Mounting plugin CLionSourceCodeAccess
LogPluginManager: Mounting plugin CodeLiteSourceCodeAccess
LogPluginManager: Mounting plugin GitSourceControl
LogPluginManager: Mounting plugin KDevelopSourceCodeAccess
LogPluginManager: Mounting plugin NullSourceCodeAccess
LogPluginManager: Mounting plugin PerforceSourceControl
LogPluginManager: Mounting plugin PlasticSourceControl
LogPluginManager: Mounting plugin SubversionSourceControl
LogPluginManager: Mounting plugin UObjectPlugin
LogPluginManager: Mounting plugin VisualStudioCodeSourceCodeAccess
LogPluginManager: Mounting plugin VisualStudioSourceCodeAccess
LogPluginManager: Mounting plugin XCodeSourceCodeAccess
LogPluginManager: Mounting plugin AssetManagerEditor
LogPluginManager: Mounting plugin CryptoKeys
LogPluginManager: Mounting plugin CurveEditorTools
LogPluginManager: Mounting plugin DataValidation
LogPluginManager: Mounting plugin FacialAnimation
LogPluginManager: Mounting plugin GameplayTagsEditor
LogPluginManager: Mounting plugin MacGraphicsSwitching
LogPluginManager: Mounting plugin MaterialAnalyzer
LogPluginManager: Mounting plugin MobileLauncherProfileWizard
LogPluginManager: Mounting plugin PluginBrowser
LogPluginManager: Mounting plugin SpeedTreeImporter
LogPluginManager: Mounting plugin DatasmithContent
LogPluginManager: Mounting plugin VariantManagerContent
LogPluginManager: Mounting plugin AlembicImporter
LogPluginManager: Mounting plugin AutomationUtils
LogPluginManager: Mounting plugin BackChannel
LogPluginManager: Mounting plugin CharacterAI
LogPluginManager: Mounting plugin GeometryCache
LogPluginManager: Mounting plugin PlatformCrypto
LogPluginManager: Mounting plugin ProxyLODPlugin
LogPluginManager: Mounting plugin SkeletalReduction
LogPluginManager: Mounting plugin MagicLeap
LogPluginManager: Mounting plugin MagicLeapMedia
LogPluginManager: Mounting plugin MLSDK
LogPluginManager: Mounting plugin AndroidMedia
LogPluginManager: Mounting plugin AvfMedia
LogPluginManager: Mounting plugin ImgMedia
LogPluginManager: Mounting plugin MediaCompositing
LogPluginManager: Mounting plugin MediaPlayerEditor
LogPluginManager: Mounting plugin WebMMedia
LogPluginManager: Mounting plugin WmfMedia
LogPluginManager: Mounting plugin TcpMessaging
LogPluginManager: Mounting plugin UdpMessaging
LogPluginManager: Mounting plugin ActorSequence
LogPluginManager: Mounting plugin LevelSequenceEditor
LogPluginManager: Mounting plugin MatineeToLevelSequence
LogPluginManager: Mounting plugin NetcodeUnitTest
LogPluginManager: Mounting plugin NUTUnrealEngine4
LogPluginManager: Mounting plugin OnlineSubsystemGooglePlay
LogPluginManager: Mounting plugin OnlineSubsystemIOS
LogPluginManager: Mounting plugin OnlineSubsystem
LogPluginManager: Mounting plugin OnlineSubsystemNull
LogPluginManager: Mounting plugin OnlineSubsystemUtils
LogPluginManager: Mounting plugin LauncherChunkInstaller
LogPluginManager: Mounting plugin AndroidDeviceProfileSelector
LogPluginManager: Mounting plugin AndroidMoviePlayer
LogPluginManager: Mounting plugin AndroidPermission
LogPluginManager: Mounting plugin AppleImageUtils
LogPluginManager: Mounting plugin AppleMoviePlayer
LogPluginManager: Mounting plugin ArchVisCharacter
LogPluginManager: Mounting plugin AssetTags
LogPluginManager: Mounting plugin AudioCapture
LogPluginManager: Mounting plugin CableComponent
LogPluginManager: Mounting plugin CustomMeshComponent
LogPluginManager: Mounting plugin EditableMesh
LogPluginManager: Mounting plugin ExampleDeviceProfileSelector
LogPluginManager: Mounting plugin GoogleCloudMessaging
LogPluginManager: Mounting plugin IOSDeviceProfileSelector
LogPluginManager: Mounting plugin LinuxDeviceProfileSelector
LogPluginManager: Mounting plugin LocationServicesBPLibrary
LogPluginManager: Mounting plugin MobilePatchingUtils
LogPluginManager: Mounting plugin OculusVR
LogPluginManager: Mounting plugin PhysXVehicles
LogPluginManager: Mounting plugin PostSplashScreen
LogPluginManager: Mounting plugin ProceduralMeshComponent
LogPluginManager: Mounting plugin RuntimePhysXCooking
LogPluginManager: Mounting plugin SignificanceManager
LogPluginManager: Mounting plugin SteamVR
LogPluginManager: Mounting plugin WebMMoviePlayer
LogPluginManager: Mounting plugin WindowsMoviePlayer
LogPluginManager: Mounting plugin ScreenshotTools
LogInit: Using libcurl 7.55.1-DEV
LogInit:  - built for x86_64-pc-win32
LogInit:  - supports SSL with OpenSSL/1.1.1
LogInit:  - supports HTTP deflate (compression) using libz 1.2.8
LogInit:  - other features:
LogInit:      CURL_VERSION_SSL
LogInit:      CURL_VERSION_LIBZ
LogInit:      CURL_VERSION_IPV6
LogInit:      CURL_VERSION_ASYNCHDNS
LogInit:      CURL_VERSION_LARGEFILE
LogInit:      CURL_VERSION_IDN
LogInit:  CurlRequestOptions (configurable via config and command line):
LogInit:  - bVerifyPeer = true  - Libcurl will verify peer certificate
LogInit:  - bUseHttpProxy = false  - Libcurl will NOT use HTTP proxy
LogInit:  - bDontReuseConnections = false  - Libcurl will reuse connections
LogInit:  - MaxHostConnections = 16  - Libcurl will limit the number of connections to a host
LogInit:  - LocalHostAddr = Default
LogInit:  - BufferSize = 65536
LogOnline: OSS: Creating online subsystem instance for: NULL
LogInit: WinSock: version 1.1 (2.2), MaxSocks=32767, MaxUdp=65467
LogOnline: OSS: TryLoadSubsystemAndSetDefault: Loaded subsystem for module [NULL]
LogInit: Build: ++UE4+Release-4.24-CL-11100242
LogInit: Engine Version: 4.24.2-11100242+++UE4+Release-4.24
LogInit: Compatible Engine Version: 4.24.0-10570792+++UE4+Release-4.24
LogInit: Net CL: 10570792
LogInit: OS: Windows 10 (Release 1809) (), CPU: Intel(R) Core(TM) i5-8300H CPU @ 2.30GHz, GPU: Intel(R) UHD Graphics 630
LogInit: Compiled (64-bit): Jan 24 2020 02:05:53
LogInit: Compiled with Visual C++: 19.16.27032.01
LogInit: Build Configuration: Development
LogInit: Branch Name: ++UE4+Release-4.24
LogInit: Command Line: 
LogInit: Base Directory: C:/Program Files/Epic Games/UE_4.24/Engine/Binaries/Win64/
LogInit: Installed Engine Build: 1
LogDevObjectVersion: Number of dev versions registered: 25
LogDevObjectVersion:   Dev-Blueprints (B0D832E4-1F89-4F0D-ACCF-7EB736FD4AA2): 10
LogDevObjectVersion:   Dev-Build (E1C64328-A22C-4D53-A36C-8E866417BD8C): 0
LogDevObjectVersion:   Dev-Core (375EC13C-06E4-48FB-B500-84F0262A717E): 3
LogDevObjectVersion:   Dev-Editor (E4B068ED-F494-42E9-A231-DA0B2E46BB41): 37
LogDevObjectVersion:   Dev-Framework (CFFC743F-43B0-4480-9391-14DF171D2073): 36
LogDevObjectVersion:   Dev-Mobile (B02B49B5-BB20-44E9-A304-32B752E40360): 2
LogDevObjectVersion:   Dev-Networking (A4E4105C-59A1-49B5-A7C5-40C4547EDFEE): 0
LogDevObjectVersion:   Dev-Online (39C831C9-5AE6-47DC-9A44-9C173E1C8E7C): 0
LogDevObjectVersion:   Dev-Physics (78F01B33-EBEA-4F98-B9B4-84EACCB95AA2): 2
LogDevObjectVersion:   Dev-Platform (6631380F-2D4D-43E0-8009-CF276956A95A): 0
LogDevObjectVersion:   Dev-Rendering (12F88B9F-8875-4AFC-A67C-D90C383ABD29): 36
LogDevObjectVersion:   Dev-Sequencer (7B5AE74C-D270-4C10-A958-57980B212A5A): 11
LogDevObjectVersion:   Dev-VR (D7296918-1DD6-4BDD-9DE2-64A83CC13884): 2
LogDevObjectVersion:   Dev-LoadTimes (C2A15278-BFE7-4AFE-6C17-90FF531DF755): 1
LogDevObjectVersion:   Private-Geometry (6EACA3D4-40EC-4CC1-B786-8BED09428FC5): 3
LogDevObjectVersion:   Dev-AnimPhys (29E575DD-E0A3-4627-9D10-D276232CDCEA): 17
LogDevObjectVersion:   Dev-Anim (AF43A65D-7FD3-4947-9873-3E8ED9C1BB05): 2
LogDevObjectVersion:   Dev-ReflectionCapture (6B266CEC-1EC7-4B8F-A30B-E4D90942FC07): 1
LogDevObjectVersion:   Dev-Automation (0DF73D61-A23F-47EA-B727-89E90C41499A): 1
LogDevObjectVersion:   FortniteMain (601D1886-AC64-4F84-AA16-D3DE0DEAC7D6): 31
LogDevObjectVersion:   Dev-Enterprise (9DFFBCD6-494F-0158-E221-12823C92A888): 8
LogDevObjectVersion:   Dev-Niagara (F2AED0AC-9AFE-416F-8664-AA7FFA26D6FC): 1
LogDevObjectVersion:   Dev-Destruction (174F1F0B-B4C6-45A5-B13F-2EE8D0FB917D): 9
LogDevObjectVersion:   Dev-Physics-Ext (35F94A83-E258-406C-A318-09F59610247C): 8
LogDevObjectVersion:   Dev-CineCamera (B2E18506-4273-CFC2-A54E-F4BB758BBA07): 1
LogInit: Presizing for max 25165824 objects, including 0 objects not considered by GC, pre-allocating 0 bytes for permanent pool.
LogInit: Object subsystem initialized
LogConfig: Setting CVar [[con.DebugEarlyDefault:1]]
LogConfig: Setting CVar [[r.setres:1280x720]]
[2020.03.05-19.50.38:870][  0]LogConfig: Setting CVar [[r.VSync:0]]
[2020.03.05-19.50.38:870][  0]LogConfig: Setting CVar [[r.RHICmdBypass:0]]
[2020.03.05-19.50.38:870][  0]LogConfig: Applying CVar settings from Section [/Script/Engine.RendererSettings] File [C:/Users/naugt/OneDrive/Documentos/Unreal Projects/FZeroX/Saved/Config/Windows/Engine.ini]
[2020.03.05-19.50.38:870][  0]LogConfig: Setting CVar [[r.GPUCrashDebugging:0]]
[2020.03.05-19.50.38:870][  0]LogConfig: Applying CVar settings from Section [/Script/Engine.RendererOverrideSettings] File [C:/Users/naugt/OneDrive/Documentos/Unreal Projects/FZeroX/Saved/Config/Windows/Engine.ini]
[2020.03.05-19.50.38:870][  0]LogConfig: Applying CVar settings from Section [/Script/Engine.StreamingSettings] File [C:/Users/naugt/OneDrive/Documentos/Unreal Projects/FZeroX/Saved/Config/Windows/Engine.ini]
[2020.03.05-19.50.38:870][  0]LogConfig: Setting CVar [[s.MinBulkDataSizeForAsyncLoading:131072]]
[2020.03.05-19.50.38:870][  0]LogConfig: Setting CVar [[s.AsyncLoadingThreadEnabled:0]]
[2020.03.05-19.50.38:870][  0]LogConfig: Setting CVar [[s.EventDrivenLoaderEnabled:1]]
[2020.03.05-19.50.38:870][  0]LogConfig: Setting CVar [[s.WarnIfTimeLimitExceeded:0]]
[2020.03.05-19.50.38:870][  0]LogConfig: Setting CVar [[s.TimeLimitExceededMultiplier:1.5]]
[2020.03.05-19.50.38:870][  0]LogConfig: Setting CVar [[s.TimeLimitExceededMinTime:0.005]]
[2020.03.05-19.50.38:870][  0]LogConfig: Setting CVar [[s.UseBackgroundLevelStreaming:1]]
[2020.03.05-19.50.38:870][  0]LogConfig: Setting CVar [[s.PriorityAsyncLoadingExtraTime:15.0]]
[2020.03.05-19.50.38:870][  0]LogConfig: Setting CVar [[s.LevelStreamingActorsUpdateTimeLimit:5.0]]
[2020.03.05-19.50.38:870][  0]LogConfig: Setting CVar [[s.PriorityLevelStreamingActorsUpdateExtraTime:5.0]]
[2020.03.05-19.50.38:870][  0]LogConfig: Setting CVar [[s.LevelStreamingComponentsRegistrationGranularity:10]]
[2020.03.05-19.50.38:870][  0]LogConfig: Setting CVar [[s.UnregisterComponentsTimeLimit:1.0]]
[2020.03.05-19.50.38:870][  0]LogConfig: Setting CVar [[s.LevelStreamingComponentsUnregistrationGranularity:5]]
[2020.03.05-19.50.38:870][  0]LogConfig: Setting CVar [[s.FlushStreamingOnExit:1]]
[2020.03.05-19.50.38:870][  0]LogConfig: Applying CVar settings from Section [/Script/Engine.GarbageCollectionSettings] File [C:/Users/naugt/OneDrive/Documentos/Unreal Projects/FZeroX/Saved/Config/Windows/Engine.ini]
[2020.03.05-19.50.38:870][  0]LogConfig: Setting CVar [[gc.MaxObjectsNotConsideredByGC:1]]
[2020.03.05-19.50.38:870][  0]LogConfig: Setting CVar [[gc.SizeOfPermanentObjectPool:0]]
[2020.03.05-19.50.38:870][  0]LogConfig: Setting CVar [[gc.FlushStreamingOnGC:0]]
[2020.03.05-19.50.38:870][  0]LogConfig: Setting CVar [[gc.NumRetriesBeforeForcingGC:10]]
[2020.03.05-19.50.38:870][  0]LogConfig: Setting CVar [[gc.AllowParallelGC:1]]
[2020.03.05-19.50.38:870][  0]LogConfig: Setting CVar [[gc.TimeBetweenPurgingPendingKillObjects:61.1]]
[2020.03.05-19.50.38:870][  0]LogConfig: Setting CVar [[gc.MaxObjectsInEditor:25165824]]
[2020.03.05-19.50.38:870][  0]LogConfig: Setting CVar [[gc.IncrementalBeginDestroyEnabled:1]]
[2020.03.05-19.50.38:870][  0]LogConfig: Setting CVar [[gc.CreateGCClusters:1]]
[2020.03.05-19.50.38:870][  0]LogConfig: Setting CVar [[gc.MinGCClusterSize:5]]
[2020.03.05-19.50.38:870][  0]LogConfig: Setting CVar [[gc.ActorClusteringEnabled:0]]
[2020.03.05-19.50.38:870][  0]LogConfig: Setting CVar [[gc.BlueprintClusteringEnabled:0]]
[2020.03.05-19.50.38:870][  0]LogConfig: Setting CVar [[gc.UseDisregardForGCOnDedicatedServers:0]]
[2020.03.05-19.50.38:870][  0]LogConfig: Applying CVar settings from Section [/Script/Engine.NetworkSettings] File [C:/Users/naugt/OneDrive/Documentos/Unreal Projects/FZeroX/Saved/Config/Windows/Engine.ini]
[2020.03.05-19.50.38:870][  0]LogConfig: Applying CVar settings from Section [/Script/UnrealEd.CookerSettings] File [C:/Users/naugt/OneDrive/Documentos/Unreal Projects/FZeroX/Saved/Config/Windows/Engine.ini]
[2020.03.05-19.50.38:873][  0]LogConfig: Applying CVar settings from Section [ViewDistanceQuality@3] File [C:/Users/naugt/OneDrive/Documentos/Unreal Projects/FZeroX/Saved/Config/Windows/Scalability.ini]
[2020.03.05-19.50.38:873][  0]LogConfig: Setting CVar [[r.SkeletalMeshLODBias:0]]
[2020.03.05-19.50.38:873][  0]LogConfig: Setting CVar [[r.ViewDistanceScale:1.0]]
[2020.03.05-19.50.38:873][  0]LogConfig: Applying CVar settings from Section [AntiAliasingQuality@3] File [C:/Users/naugt/OneDrive/Documentos/Unreal Projects/FZeroX/Saved/Config/Windows/Scalability.ini]
[2020.03.05-19.50.38:873][  0]LogConfig: Setting CVar [[r.PostProcessAAQuality:4]]
[2020.03.05-19.50.38:873][  0]LogConfig: Applying CVar settings from Section [ShadowQuality@3] File [C:/Users/naugt/OneDrive/Documentos/Unreal Projects/FZeroX/Saved/Config/Windows/Scalability.ini]
[2020.03.05-19.50.38:873][  0]LogConfig: Setting CVar [[r.LightFunctionQuality:1]]
[2020.03.05-19.50.38:873][  0]LogConfig: Setting CVar [[r.ShadowQuality:5]]
[2020.03.05-19.50.38:873][  0]LogConfig: Setting CVar [[r.Shadow.CSM.MaxCascades:10]]
[2020.03.05-19.50.38:873][  0]LogConfig: Setting CVar [[r.Shadow.MaxResolution:2048]]
[2020.03.05-19.50.38:873][  0]LogConfig: Setting CVar [[r.Shadow.MaxCSMResolution:2048]]
[2020.03.05-19.50.38:873][  0]LogConfig: Setting CVar [[r.Shadow.RadiusThreshold:0.01]]
[2020.03.05-19.50.38:873][  0]LogConfig: Setting CVar [[r.Shadow.DistanceScale:1.0]]
[2020.03.05-19.50.38:873][  0]LogConfig: Setting CVar [[r.Shadow.CSM.TransitionScale:1.0]]
[2020.03.05-19.50.38:873][  0]LogConfig: Setting CVar [[r.Shadow.PreShadowResolutionFactor:1.0]]
[2020.03.05-19.50.38:873][  0]LogConfig: Setting CVar [[r.DistanceFieldShadowing:1]]
[2020.03.05-19.50.38:873][  0]LogConfig: Setting CVar [[r.DistanceFieldAO:1]]
[2020.03.05-19.50.38:873][  0]LogConfig: Setting CVar [[r.AOQuality:2]]
[2020.03.05-19.50.38:873][  0]LogConfig: Setting CVar [[r.VolumetricFog:1]]
[2020.03.05-19.50.38:873][  0]LogConfig: Setting CVar [[r.VolumetricFog.GridPixelSize:8]]
[2020.03.05-19.50.38:873][  0]LogConfig: Setting CVar [[r.VolumetricFog.GridSizeZ:128]]
[2020.03.05-19.50.38:874][  0]LogConfig: Setting CVar [[r.VolumetricFog.HistoryMissSupersampleCount:4]]
[2020.03.05-19.50.38:874][  0]LogConfig: Setting CVar [[r.LightMaxDrawDistanceScale:1]]
[2020.03.05-19.50.38:874][  0]LogConfig: Setting CVar [[r.CapsuleShadows:1]]
[2020.03.05-19.50.38:874][  0]LogConfig: Applying CVar settings from Section [PostProcessQuality@3] File [C:/Users/naugt/OneDrive/Documentos/Unreal Projects/FZeroX/Saved/Config/Windows/Scalability.ini]
[2020.03.05-19.50.38:874][  0]LogConfig: Setting CVar [[r.MotionBlurQuality:4]]
[2020.03.05-19.50.38:874][  0]LogConfig: Setting CVar [[r.AmbientOcclusionMipLevelFactor:0.4]]
[2020.03.05-19.50.38:874][  0]LogConfig: Setting CVar [[r.AmbientOcclusionMaxQuality:100]]
[2020.03.05-19.50.38:874][  0]LogConfig: Setting CVar [[r.AmbientOcclusionLevels:-1]]
[2020.03.05-19.50.38:874][  0]LogConfig: Setting CVar [[r.AmbientOcclusionRadiusScale:1.0]]
[2020.03.05-19.50.38:874][  0]LogConfig: Setting CVar [[r.DepthOfFieldQuality:2]]
[2020.03.05-19.50.38:874][  0]LogConfig: Setting CVar [[r.RenderTargetPoolMin:400]]
[2020.03.05-19.50.38:874][  0]LogConfig: Setting CVar [[r.LensFlareQuality:2]]
[2020.03.05-19.50.38:874][  0]LogConfig: Setting CVar [[r.SceneColorFringeQuality:1]]
[2020.03.05-19.50.38:874][  0]LogConfig: Setting CVar [[r.EyeAdaptationQuality:2]]
[2020.03.05-19.50.38:874][  0]LogConfig: Setting CVar [[r.BloomQuality:5]]
[2020.03.05-19.50.38:874][  0]LogConfig: Setting CVar [[r.FastBlurThreshold:100]]
[2020.03.05-19.50.38:874][  0]LogConfig: Setting CVar [[r.Upscale.Quality:3]]
[2020.03.05-19.50.38:874][  0]LogConfig: Setting CVar [[r.Tonemapper.GrainQuantization:1]]
[2020.03.05-19.50.38:874][  0]LogConfig: Setting CVar [[r.LightShaftQuality:1]]
[2020.03.05-19.50.38:874][  0]LogConfig: Setting CVar [[r.Filter.SizeScale:1]]
[2020.03.05-19.50.38:874][  0]LogConfig: Setting CVar [[r.Tonemapper.Quality:5]]
[2020.03.05-19.50.38:874][  0]LogConfig: Setting CVar [[r.DOF.Gather.AccumulatorQuality:1        ; higher gathering accumulator quality]]
[2020.03.05-19.50.38:874][  0]LogConfig: Setting CVar [[r.DOF.Gather.PostfilterMethod:1          ; Median3x3 postfilering method]]
[2020.03.05-19.50.38:874][  0]LogConfig: Setting CVar [[r.DOF.Gather.EnableBokehSettings:0       ; no bokeh simulation when gathering]]
[2020.03.05-19.50.38:874][  0]LogConfig: Setting CVar [[r.DOF.Gather.RingCount:4                 ; medium number of samples when gathering]]
[2020.03.05-19.50.38:874][  0]LogConfig: Setting CVar [[r.DOF.Scatter.ForegroundCompositing:1    ; additive foreground scattering]]
[2020.03.05-19.50.38:874][  0]LogConfig: Setting CVar [[r.DOF.Scatter.BackgroundCompositing:2    ; additive background scattering]]
[2020.03.05-19.50.38:874][  0]LogConfig: Setting CVar [[r.DOF.Scatter.EnableBokehSettings:1      ; bokeh simulation when scattering]]
[2020.03.05-19.50.38:874][  0]LogConfig: Setting CVar [[r.DOF.Scatter.MaxSpriteRatio:0.1         ; only a maximum of 10% of scattered bokeh]]
[2020.03.05-19.50.38:874][  0]LogConfig: Setting CVar [[r.DOF.Recombine.Quality:1                ; cheap slight out of focus]]
[2020.03.05-19.50.38:874][  0]LogConfig: Setting CVar [[r.DOF.Recombine.EnableBokehSettings:0    ; no bokeh simulation on slight out of focus]]
[2020.03.05-19.50.38:874][  0]LogConfig: Setting CVar [[r.DOF.TemporalAAQuality:1                ; more stable temporal accumulation]]
[2020.03.05-19.50.38:874][  0]LogConfig: Setting CVar [[r.DOF.Kernel.MaxForegroundRadius:0.025]]
[2020.03.05-19.50.38:874][  0]LogConfig: Setting CVar [[r.DOF.Kernel.MaxBackgroundRadius:0.025]]
[2020.03.05-19.50.38:874][  0]LogConfig: Applying CVar settings from Section [TextureQuality@3] File [C:/Users/naugt/OneDrive/Documentos/Unreal Projects/FZeroX/Saved/Config/Windows/Scalability.ini]
[2020.03.05-19.50.38:874][  0]LogConfig: Setting CVar [[r.Streaming.MipBias:0]]
[2020.03.05-19.50.38:874][  0]LogConfig: Setting CVar [[r.Streaming.AmortizeCPUToGPUCopy:0]]
[2020.03.05-19.50.38:874][  0]LogConfig: Setting CVar [[r.Streaming.MaxNumTexturesToStreamPerFrame:0]]
[2020.03.05-19.50.38:874][  0]LogConfig: Setting CVar [[r.Streaming.Boost:1]]
[2020.03.05-19.50.38:874][  0]LogConfig: Setting CVar [[r.MaxAnisotropy:8]]
[2020.03.05-19.50.38:874][  0]LogConfig: Setting CVar [[r.VT.MaxAnisotropy:8]]
[2020.03.05-19.50.38:874][  0]LogConfig: Setting CVar [[r.Streaming.LimitPoolSizeToVRAM:0]]
[2020.03.05-19.50.38:874][  0]LogConfig: Setting CVar [[r.Streaming.PoolSize:1000]]
[2020.03.05-19.50.38:874][  0]LogConfig: Setting CVar [[r.Streaming.MaxEffectiveScreenSize:0]]
[2020.03.05-19.50.38:874][  0]LogConfig: Applying CVar settings from Section [EffectsQuality@3] File [C:/Users/naugt/OneDrive/Documentos/Unreal Projects/FZeroX/Saved/Config/Windows/Scalability.ini]
[2020.03.05-19.50.38:874][  0]LogConfig: Setting CVar [[r.TranslucencyLightingVolumeDim:64]]
[2020.03.05-19.50.38:874][  0]LogConfig: Setting CVar [[r.RefractionQuality:2]]
[2020.03.05-19.50.38:874][  0]LogConfig: Setting CVar [[r.SSR.Quality:3]]
[2020.03.05-19.50.38:874][  0]LogConfig: Setting CVar [[r.SSR.HalfResSceneColor:0]]
[2020.03.05-19.50.38:874][  0]LogConfig: Setting CVar [[r.SceneColorFormat:4]]
[2020.03.05-19.50.38:874][  0]LogConfig: Setting CVar [[r.DetailMode:2]]
[2020.03.05-19.50.38:874][  0]LogConfig: Setting CVar [[r.TranslucencyVolumeBlur:1]]
[2020.03.05-19.50.38:874][  0]LogConfig: Setting CVar [[r.MaterialQualityLevel:1 ; High quality]]
[2020.03.05-19.50.38:874][  0]LogConfig: Setting CVar [[r.SSS.Scale:1]]
[2020.03.05-19.50.38:875][  0]LogConfig: Setting CVar [[r.SSS.SampleSet:2]]
[2020.03.05-19.50.38:875][  0]LogConfig: Setting CVar [[r.SSS.Quality:1]]
[2020.03.05-19.50.38:875][  0]LogConfig: Setting CVar [[r.SSS.HalfRes:1]]
[2020.03.05-19.50.38:875][  0]LogConfig: Setting CVar [[r.SSGI.Quality:3]]
[2020.03.05-19.50.38:875][  0]LogConfig: Setting CVar [[r.EmitterSpawnRateScale:1.0]]
[2020.03.05-19.50.38:875][  0]LogConfig: Setting CVar [[r.ParticleLightQuality:2]]
[2020.03.05-19.50.38:875][  0]LogConfig: Setting CVar [[r.SkyAtmosphere.AerialPerspectiveLUT.FastApplyOnOpaque:1 ; Always have FastSkyLUT 1 in this case to avoid wrong sky]]
[2020.03.05-19.50.38:875][  0]LogConfig: Setting CVar [[r.SkyAtmosphere.AerialPerspectiveLUT.SampleCountPerSlice:1]]
[2020.03.05-19.50.38:875][  0]LogConfig: Setting CVar [[r.SkyAtmosphere.AerialPerspectiveLUT.DepthResolution:16.0]]
[2020.03.05-19.50.38:875][  0]LogConfig: Setting CVar [[r.SkyAtmosphere.FastSkyLUT:1]]
[2020.03.05-19.50.38:875][  0]LogConfig: Setting CVar [[r.SkyAtmosphere.FastSkyLUT.SampleCountMin:4.0]]
[2020.03.05-19.50.38:875][  0]LogConfig: Setting CVar [[r.SkyAtmosphere.FastSkyLUT.SampleCountMax:32.0]]
[2020.03.05-19.50.38:875][  0]LogConfig: Setting CVar [[r.SkyAtmosphere.SampleCountMin:4.0]]
[2020.03.05-19.50.38:875][  0]LogConfig: Setting CVar [[r.SkyAtmosphere.SampleCountMax:32.0]]
[2020.03.05-19.50.38:875][  0]LogConfig: Setting CVar [[r.SkyAtmosphere.TransmittanceLUT.UseSmallFormat:0]]
[2020.03.05-19.50.38:875][  0]LogConfig: Setting CVar [[r.SkyAtmosphere.TransmittanceLUT.SampleCount:10.0]]
[2020.03.05-19.50.38:875][  0]LogConfig: Setting CVar [[r.SkyAtmosphere.MultiScatteringLUT.SampleCount:15.0]]
[2020.03.05-19.50.38:875][  0]LogConfig: Applying CVar settings from Section [FoliageQuality@3] File [C:/Users/naugt/OneDrive/Documentos/Unreal Projects/FZeroX/Saved/Config/Windows/Scalability.ini]
[2020.03.05-19.50.38:875][  0]LogConfig: Setting CVar [[foliage.DensityScale:1.0]]
[2020.03.05-19.50.38:875][  0]LogConfig: Setting CVar [[grass.DensityScale:1.0]]
[2020.03.05-19.50.38:875][  0]LogConfig: Applying CVar settings from Section [ShadingQuality@3] File [C:/Users/naugt/OneDrive/Documentos/Unreal Projects/FZeroX/Saved/Config/Windows/Scalability.ini]
[2020.03.05-19.50.38:875][  0]LogConfig: Setting CVar [[r.HairStrands.SkyLighting.SampleCount:16]]
[2020.03.05-19.50.38:875][  0]LogConfig: Setting CVar [[r.HairStrands.SkyLighting.JitterIntegration:0]]
[2020.03.05-19.50.38:875][  0]LogConfig: Setting CVar [[r.HairStrands.SkyAO.SampleCount:16]]
[2020.03.05-19.50.38:875][  0]LogInit: Selected Device Profile: [Windows]
[2020.03.05-19.50.38:875][  0]LogInit: Applying CVar settings loaded from the selected device profile: [Windows]
[2020.03.05-19.50.38:878][  0]LogHAL: Display: Platform has ~ 8 GB [8389779456 / 8589934592 / 8], which maps to Default [LargestMinGB=32, LargerMinGB=12, DefaultMinGB=8, SmallerMinGB=6, SmallestMinGB=0)
[2020.03.05-19.50.38:878][  0]LogInit: Going up to parent DeviceProfile []
[2020.03.05-19.50.38:878][  0]LogConfig: Applying CVar settings from Section [ViewDistanceQuality@3] File [C:/Users/naugt/OneDrive/Documentos/Unreal Projects/FZeroX/Saved/Config/Windows/Scalability.ini]
[2020.03.05-19.50.38:878][  0]LogConfig: Setting CVar [[r.SkeletalMeshLODBias:0]]
[2020.03.05-19.50.38:878][  0]LogConfig: Setting CVar [[r.ViewDistanceScale:1.0]]
[2020.03.05-19.50.38:878][  0]LogConfig: Applying CVar settings from Section [AntiAliasingQuality@3] File [C:/Users/naugt/OneDrive/Documentos/Unreal Projects/FZeroX/Saved/Config/Windows/Scalability.ini]
[2020.03.05-19.50.38:878][  0]LogConfig: Setting CVar [[r.PostProcessAAQuality:4]]
[2020.03.05-19.50.38:878][  0]LogConfig: Applying CVar settings from Section [ShadowQuality@3] File [C:/Users/naugt/OneDrive/Documentos/Unreal Projects/FZeroX/Saved/Config/Windows/Scalability.ini]
[2020.03.05-19.50.38:878][  0]LogConfig: Setting CVar [[r.LightFunctionQuality:1]]
[2020.03.05-19.50.38:878][  0]LogConfig: Setting CVar [[r.ShadowQuality:5]]
[2020.03.05-19.50.38:878][  0]LogConfig: Setting CVar [[r.Shadow.CSM.MaxCascades:10]]
[2020.03.05-19.50.38:878][  0]LogConfig: Setting CVar [[r.Shadow.MaxResolution:2048]]
[2020.03.05-19.50.38:878][  0]LogConfig: Setting CVar [[r.Shadow.MaxCSMResolution:2048]]
[2020.03.05-19.50.38:878][  0]LogConfig: Setting CVar [[r.Shadow.RadiusThreshold:0.01]]
[2020.03.05-19.50.38:878][  0]LogConfig: Setting CVar [[r.Shadow.DistanceScale:1.0]]
[2020.03.05-19.50.38:878][  0]LogConfig: Setting CVar [[r.Shadow.CSM.TransitionScale:1.0]]
[2020.03.05-19.50.38:878][  0]LogConfig: Setting CVar [[r.Shadow.PreShadowResolutionFactor:1.0]]
[2020.03.05-19.50.38:878][  0]LogConfig: Setting CVar [[r.DistanceFieldShadowing:1]]
[2020.03.05-19.50.38:878][  0]LogConfig: Setting CVar [[r.DistanceFieldAO:1]]
[2020.03.05-19.50.38:878][  0]LogConfig: Setting CVar [[r.AOQuality:2]]
[2020.03.05-19.50.38:878][  0]LogConfig: Setting CVar [[r.VolumetricFog:1]]
[2020.03.05-19.50.38:878][  0]LogConfig: Setting CVar [[r.VolumetricFog.GridPixelSize:8]]
[2020.03.05-19.50.38:878][  0]LogConfig: Setting CVar [[r.VolumetricFog.GridSizeZ:128]]
[2020.03.05-19.50.38:878][  0]LogConfig: Setting CVar [[r.VolumetricFog.HistoryMissSupersampleCount:4]]
[2020.03.05-19.50.38:879][  0]LogConfig: Setting CVar [[r.LightMaxDrawDistanceScale:1]]
[2020.03.05-19.50.38:879][  0]LogConfig: Setting CVar [[r.CapsuleShadows:1]]
[2020.03.05-19.50.38:879][  0]LogConfig: Applying CVar settings from Section [PostProcessQuality@3] File [C:/Users/naugt/OneDrive/Documentos/Unreal Projects/FZeroX/Saved/Config/Windows/Scalability.ini]
[2020.03.05-19.50.38:879][  0]LogConfig: Setting CVar [[r.MotionBlurQuality:4]]
[2020.03.05-19.50.38:879][  0]LogConfig: Setting CVar [[r.AmbientOcclusionMipLevelFactor:0.4]]
[2020.03.05-19.50.38:879][  0]LogConfig: Setting CVar [[r.AmbientOcclusionMaxQuality:100]]
[2020.03.05-19.50.38:879][  0]LogConfig: Setting CVar [[r.AmbientOcclusionLevels:-1]]
[2020.03.05-19.50.38:879][  0]LogConfig: Setting CVar [[r.AmbientOcclusionRadiusScale:1.0]]
[2020.03.05-19.50.38:879][  0]LogConfig: Setting CVar [[r.DepthOfFieldQuality:2]]
[2020.03.05-19.50.38:879][  0]LogConfig: Setting CVar [[r.RenderTargetPoolMin:400]]
[2020.03.05-19.50.38:879][  0]LogConfig: Setting CVar [[r.LensFlareQuality:2]]
[2020.03.05-19.50.38:879][  0]LogConfig: Setting CVar [[r.SceneColorFringeQuality:1]]
[2020.03.05-19.50.38:879][  0]LogConfig: Setting CVar [[r.EyeAdaptationQuality:2]]
[2020.03.05-19.50.38:879][  0]LogConfig: Setting CVar [[r.BloomQuality:5]]
[2020.03.05-19.50.38:879][  0]LogConfig: Setting CVar [[r.FastBlurThreshold:100]]
[2020.03.05-19.50.38:879][  0]LogConfig: Setting CVar [[r.Upscale.Quality:3]]
[2020.03.05-19.50.38:879][  0]LogConfig: Setting CVar [[r.Tonemapper.GrainQuantization:1]]
[2020.03.05-19.50.38:879][  0]LogConfig: Setting CVar [[r.LightShaftQuality:1]]
[2020.03.05-19.50.38:879][  0]LogConfig: Setting CVar [[r.Filter.SizeScale:1]]
[2020.03.05-19.50.38:879][  0]LogConfig: Setting CVar [[r.Tonemapper.Quality:5]]
[2020.03.05-19.50.38:879][  0]LogConfig: Setting CVar [[r.DOF.Gather.AccumulatorQuality:1        ; higher gathering accumulator quality]]
[2020.03.05-19.50.38:879][  0]LogConfig: Setting CVar [[r.DOF.Gather.PostfilterMethod:1          ; Median3x3 postfilering method]]
[2020.03.05-19.50.38:879][  0]LogConfig: Setting CVar [[r.DOF.Gather.EnableBokehSettings:0       ; no bokeh simulation when gathering]]
[2020.03.05-19.50.38:879][  0]LogConfig: Setting CVar [[r.DOF.Gather.RingCount:4                 ; medium number of samples when gathering]]
[2020.03.05-19.50.38:879][  0]LogConfig: Setting CVar [[r.DOF.Scatter.ForegroundCompositing:1    ; additive foreground scattering]]
[2020.03.05-19.50.38:879][  0]LogConfig: Setting CVar [[r.DOF.Scatter.BackgroundCompositing:2    ; additive background scattering]]
[2020.03.05-19.50.38:879][  0]LogConfig: Setting CVar [[r.DOF.Scatter.EnableBokehSettings:1      ; bokeh simulation when scattering]]
[2020.03.05-19.50.38:879][  0]LogConfig: Setting CVar [[r.DOF.Scatter.MaxSpriteRatio:0.1         ; only a maximum of 10% of scattered bokeh]]
[2020.03.05-19.50.38:879][  0]LogConfig: Setting CVar [[r.DOF.Recombine.Quality:1                ; cheap slight out of focus]]
[2020.03.05-19.50.38:879][  0]LogConfig: Setting CVar [[r.DOF.Recombine.EnableBokehSettings:0    ; no bokeh simulation on slight out of focus]]
[2020.03.05-19.50.38:879][  0]LogConfig: Setting CVar [[r.DOF.TemporalAAQuality:1                ; more stable temporal accumulation]]
[2020.03.05-19.50.38:879][  0]LogConfig: Setting CVar [[r.DOF.Kernel.MaxForegroundRadius:0.025]]
[2020.03.05-19.50.38:879][  0]LogConfig: Setting CVar [[r.DOF.Kernel.MaxBackgroundRadius:0.025]]
[2020.03.05-19.50.38:879][  0]LogConfig: Applying CVar settings from Section [TextureQuality@3] File [C:/Users/naugt/OneDrive/Documentos/Unreal Projects/FZeroX/Saved/Config/Windows/Scalability.ini]
[2020.03.05-19.50.38:879][  0]LogConfig: Setting CVar [[r.Streaming.MipBias:0]]
[2020.03.05-19.50.38:879][  0]LogConfig: Setting CVar [[r.Streaming.AmortizeCPUToGPUCopy:0]]
[2020.03.05-19.50.38:879][  0]LogConfig: Setting CVar [[r.Streaming.MaxNumTexturesToStreamPerFrame:0]]
[2020.03.05-19.50.38:879][  0]LogConfig: Setting CVar [[r.Streaming.Boost:1]]
[2020.03.05-19.50.38:879][  0]LogConfig: Setting CVar [[r.MaxAnisotropy:8]]
[2020.03.05-19.50.38:879][  0]LogConfig: Setting CVar [[r.VT.MaxAnisotropy:8]]
[2020.03.05-19.50.38:879][  0]LogConfig: Setting CVar [[r.Streaming.LimitPoolSizeToVRAM:0]]
[2020.03.05-19.50.38:879][  0]LogConfig: Setting CVar [[r.Streaming.PoolSize:1000]]
[2020.03.05-19.50.38:879][  0]LogConfig: Setting CVar [[r.Streaming.MaxEffectiveScreenSize:0]]
[2020.03.05-19.50.38:879][  0]LogConfig: Applying CVar settings from Section [EffectsQuality@3] File [C:/Users/naugt/OneDrive/Documentos/Unreal Projects/FZeroX/Saved/Config/Windows/Scalability.ini]
[2020.03.05-19.50.38:879][  0]LogConfig: Setting CVar [[r.TranslucencyLightingVolumeDim:64]]
[2020.03.05-19.50.38:879][  0]LogConfig: Setting CVar [[r.RefractionQuality:2]]
[2020.03.05-19.50.38:879][  0]LogConfig: Setting CVar [[r.SSR.Quality:3]]
[2020.03.05-19.50.38:879][  0]LogConfig: Setting CVar [[r.SSR.HalfResSceneColor:0]]
[2020.03.05-19.50.38:879][  0]LogConfig: Setting CVar [[r.SceneColorFormat:4]]
[2020.03.05-19.50.38:879][  0]LogConfig: Setting CVar [[r.DetailMode:2]]
[2020.03.05-19.50.38:879][  0]LogConfig: Setting CVar [[r.TranslucencyVolumeBlur:1]]
[2020.03.05-19.50.38:879][  0]LogConfig: Setting CVar [[r.MaterialQualityLevel:1 ; High quality]]
[2020.03.05-19.50.38:879][  0]LogConfig: Setting CVar [[r.SSS.Scale:1]]
[2020.03.05-19.50.38:879][  0]LogConfig: Setting CVar [[r.SSS.SampleSet:2]]
[2020.03.05-19.50.38:879][  0]LogConfig: Setting CVar [[r.SSS.Quality:1]]
[2020.03.05-19.50.38:879][  0]LogConfig: Setting CVar [[r.SSS.HalfRes:1]]
[2020.03.05-19.50.38:879][  0]LogConfig: Setting CVar [[r.SSGI.Quality:3]]
[2020.03.05-19.50.38:879][  0]LogConfig: Setting CVar [[r.EmitterSpawnRateScale:1.0]]
[2020.03.05-19.50.38:879][  0]LogConfig: Setting CVar [[r.ParticleLightQuality:2]]
[2020.03.05-19.50.38:879][  0]LogConfig: Setting CVar [[r.SkyAtmosphere.AerialPerspectiveLUT.FastApplyOnOpaque:1 ; Always have FastSkyLUT 1 in this case to avoid wrong sky]]
[2020.03.05-19.50.38:879][  0]LogConfig: Setting CVar [[r.SkyAtmosphere.AerialPerspectiveLUT.SampleCountPerSlice:1]]
[2020.03.05-19.50.38:879][  0]LogConfig: Setting CVar [[r.SkyAtmosphere.AerialPerspectiveLUT.DepthResolution:16.0]]
[2020.03.05-19.50.38:880][  0]LogConfig: Setting CVar [[r.SkyAtmosphere.FastSkyLUT:1]]
[2020.03.05-19.50.38:880][  0]LogConfig: Setting CVar [[r.SkyAtmosphere.FastSkyLUT.SampleCountMin:4.0]]
[2020.03.05-19.50.38:880][  0]LogConfig: Setting CVar [[r.SkyAtmosphere.FastSkyLUT.SampleCountMax:32.0]]
[2020.03.05-19.50.38:880][  0]LogConfig: Setting CVar [[r.SkyAtmosphere.SampleCountMin:4.0]]
[2020.03.05-19.50.38:880][  0]LogConfig: Setting CVar [[r.SkyAtmosphere.SampleCountMax:32.0]]
[2020.03.05-19.50.38:880][  0]LogConfig: Setting CVar [[r.SkyAtmosphere.TransmittanceLUT.UseSmallFormat:0]]
[2020.03.05-19.50.38:880][  0]LogConfig: Setting CVar [[r.SkyAtmosphere.TransmittanceLUT.SampleCount:10.0]]
[2020.03.05-19.50.38:880][  0]LogConfig: Setting CVar [[r.SkyAtmosphere.MultiScatteringLUT.SampleCount:15.0]]
[2020.03.05-19.50.38:880][  0]LogConfig: Applying CVar settings from Section [FoliageQuality@3] File [C:/Users/naugt/OneDrive/Documentos/Unreal Projects/FZeroX/Saved/Config/Windows/Scalability.ini]
[2020.03.05-19.50.38:880][  0]LogConfig: Setting CVar [[foliage.DensityScale:1.0]]
[2020.03.05-19.50.38:880][  0]LogConfig: Setting CVar [[grass.DensityScale:1.0]]
[2020.03.05-19.50.38:880][  0]LogConfig: Applying CVar settings from Section [ShadingQuality@3] File [C:/Users/naugt/OneDrive/Documentos/Unreal Projects/FZeroX/Saved/Config/Windows/Scalability.ini]
[2020.03.05-19.50.38:880][  0]LogConfig: Setting CVar [[r.HairStrands.SkyLighting.SampleCount:16]]
[2020.03.05-19.50.38:880][  0]LogConfig: Setting CVar [[r.HairStrands.SkyLighting.JitterIntegration:0]]
[2020.03.05-19.50.38:880][  0]LogConfig: Setting CVar [[r.HairStrands.SkyAO.SampleCount:16]]
[2020.03.05-19.50.38:880][  0]LogConfig: Applying CVar settings from Section [Startup] File [../../../Engine/Config/ConsoleVariables.ini]
[2020.03.05-19.50.38:880][  0]LogConfig: Setting CVar [[net.UseAdaptiveNetUpdateFrequency:0]]
[2020.03.05-19.50.38:880][  0]LogConfig: Setting CVar [[p.chaos.AllowCreatePhysxBodies:1]]
[2020.03.05-19.50.38:880][  0]LogConfig: Applying CVar settings from Section [ConsoleVariables] File [C:/Users/naugt/OneDrive/Documentos/Unreal Projects/FZeroX/Saved/Config/Windows/Engine.ini]
[2020.03.05-19.50.38:880][  0]LogInit: Computer: DESKTOP-JG1AOT4
[2020.03.05-19.50.38:880][  0]LogInit: User: naugt
[2020.03.05-19.50.38:880][  0]LogInit: CPU Page size=4096, Cores=4
[2020.03.05-19.50.38:880][  0]LogInit: High frequency timer resolution =10.000000 MHz
[2020.03.05-19.50.38:880][  0]LogMemory: Memory total: Physical=7.8GB (8GB approx)
[2020.03.05-19.50.38:880][  0]LogMemory: Platform Memory Stats for Windows
[2020.03.05-19.50.38:880][  0]LogMemory: Process Physical Memory: 104.70 MB used, 104.71 MB peak
[2020.03.05-19.50.38:880][  0]LogMemory: Process Virtual Memory: 100.42 MB used, 100.42 MB peak
[2020.03.05-19.50.38:880][  0]LogMemory: Physical Memory: 5826.57 MB used,  2174.55 MB free, 8001.12 MB total
[2020.03.05-19.50.38:880][  0]LogMemory: Virtual Memory: 5151.97 MB used,  134212576.00 MB free, 134217728.00 MB total
[2020.03.05-19.50.38:884][  0]LogWindows: WindowsPlatformFeatures enabled
[2020.03.05-19.50.38:906][  0]LogInit: Overriding language with editor language configuration option (en).
[2020.03.05-19.50.38:906][  0]LogInit: Overriding locale with editor culture configuration option ().
[2020.03.05-19.50.38:906][  0]LogInit: Using OS detected locale (es-ES).
[2020.03.05-19.50.39:207][  0]LogInit: Setting process to per monitor DPI aware
[2020.03.05-19.50.39:261][  0]LogSlate: New Slate User Created.  User Index 0, Is Virtual User: 0
[2020.03.05-19.50.39:261][  0]LogSlate: Slate User Registered.  User Index 0, Is Virtual User: 0
[2020.03.05-19.50.39:612][  0]LogHMD: Failed to initialize OpenVR with code 110
[2020.03.05-19.50.39:612][  0]LogD3D11RHI: D3D11 min allowed feature level: 11_0
[2020.03.05-19.50.39:612][  0]LogD3D11RHI: D3D11 max allowed feature level: 11_0
[2020.03.05-19.50.39:612][  0]LogD3D11RHI: D3D11 adapters:
[2020.03.05-19.50.39:727][  0]LogD3D11RHI:    0. 'NVIDIA GeForce GTX 1050' (Feature Level 11_0)
[2020.03.05-19.50.39:727][  0]LogD3D11RHI:       4019/0/4000 MB DedicatedVideo/DedicatedSystem/SharedSystem, Outputs:1, VendorId:0x10de
[2020.03.05-19.50.39:742][  0]LogD3D11RHI:    1. 'Intel(R) UHD Graphics 630' (Feature Level 11_0)
[2020.03.05-19.50.39:742][  0]LogD3D11RHI:       128/0/4000 MB DedicatedVideo/DedicatedSystem/SharedSystem, Outputs:0, VendorId:0x8086
[2020.03.05-19.50.39:745][  0]LogD3D11RHI:    2. 'Microsoft Basic Render Driver' (Feature Level 11_0)
[2020.03.05-19.50.39:745][  0]LogD3D11RHI:       0/0/4000 MB DedicatedVideo/DedicatedSystem/SharedSystem, Outputs:0, VendorId:0x1414
[2020.03.05-19.50.39:745][  0]LogD3D11RHI: Chosen D3D11 Adapter: 0
[2020.03.05-19.50.39:798][  0]LogD3D11RHI: Creating new Direct3DDevice
[2020.03.05-19.50.39:798][  0]LogD3D11RHI:     GPU DeviceId: 0x1c8d (for the marketing name, search the web for "GPU Device Id")
[2020.03.05-19.50.39:798][  0]LogWindows: EnumDisplayDevices:
[2020.03.05-19.50.39:798][  0]LogWindows:    0. 'Intel(R) UHD Graphics 630' (P:1 D:1)
[2020.03.05-19.50.39:799][  0]LogWindows:    1. 'Intel(R) UHD Graphics 630' (P:0 D:0)
[2020.03.05-19.50.39:799][  0]LogWindows:    2. 'Intel(R) UHD Graphics 630' (P:0 D:0)
[2020.03.05-19.50.39:800][  0]LogWindows:    3. 'NVIDIA GeForce GTX 1050' (P:0 D:0)
[2020.03.05-19.50.39:800][  0]LogWindows: DebugString: PrimaryIsNotTheChoosenAdapter PrimaryIsNotTheChoosenAdapter PrimaryIsNotTheChoosenAdapter 
[2020.03.05-19.50.39:800][  0]LogD3D11RHI:     Adapter Name: NVIDIA GeForce GTX 1050
[2020.03.05-19.50.39:800][  0]LogD3D11RHI:   Driver Version: 441.87 (internal:26.21.14.4187, unified:441.87)
[2020.03.05-19.50.39:800][  0]LogD3D11RHI:      Driver Date: 12-24-2019
[2020.03.05-19.50.39:800][  0]LogRHI: Texture pool is 2813 MB (70% of 4019 MB)
[2020.03.05-19.50.39:880][  0]LogD3D11RHI: RHI has support for 64 bit atomics
[2020.03.05-19.50.39:881][  0]LogD3D11RHI: Async texture creation enabled
[2020.03.05-19.50.39:908][  0]LogD3D11RHI: GPU Timing Frequency: 1000.000000 (Debug: 2 1)
[2020.03.05-19.50.40:316][  0]LogTargetPlatformManager: Display: Loaded TargetPlatform 'AllDesktop'
[2020.03.05-19.50.40:359][  0]LogTargetPlatformManager: Display: Loaded TargetPlatform 'Android'
[2020.03.05-19.50.40:359][  0]LogTargetPlatformManager: Display: Loaded TargetPlatform 'Android_ASTC'
[2020.03.05-19.50.40:359][  0]LogTargetPlatformManager: Display: Loaded TargetPlatform 'Android_ATC'
[2020.03.05-19.50.40:359][  0]LogTargetPlatformManager: Display: Loaded TargetPlatform 'Android_DXT'
[2020.03.05-19.50.40:359][  0]LogTargetPlatformManager: Display: Loaded TargetPlatform 'Android_ETC1'
[2020.03.05-19.50.40:359][  0]LogTargetPlatformManager: Display: Loaded TargetPlatform 'Android_ETC1a'
[2020.03.05-19.50.40:359][  0]LogTargetPlatformManager: Display: Loaded TargetPlatform 'Android_ETC2'
[2020.03.05-19.50.40:359][  0]LogTargetPlatformManager: Display: Loaded TargetPlatform 'Android_PVRTC'
[2020.03.05-19.50.40:359][  0]LogTargetPlatformManager: Display: Loaded TargetPlatform 'AndroidClient'
[2020.03.05-19.50.40:359][  0]LogTargetPlatformManager: Display: Loaded TargetPlatform 'Android_ASTCClient'
[2020.03.05-19.50.40:359][  0]LogTargetPlatformManager: Display: Loaded TargetPlatform 'Android_ATCClient'
[2020.03.05-19.50.40:359][  0]LogTargetPlatformManager: Display: Loaded TargetPlatform 'Android_DXTClient'
[2020.03.05-19.50.40:359][  0]LogTargetPlatformManager: Display: Loaded TargetPlatform 'Android_ETC1Client'
[2020.03.05-19.50.40:359][  0]LogTargetPlatformManager: Display: Loaded TargetPlatform 'Android_ETC1aClient'
[2020.03.05-19.50.40:359][  0]LogTargetPlatformManager: Display: Loaded TargetPlatform 'Android_ETC2Client'
[2020.03.05-19.50.40:359][  0]LogTargetPlatformManager: Display: Loaded TargetPlatform 'Android_PVRTCClient'
[2020.03.05-19.50.40:359][  0]LogTargetPlatformManager: Display: Loaded TargetPlatform 'Android_Multi'
[2020.03.05-19.50.40:359][  0]LogTargetPlatformManager: Display: Loaded TargetPlatform 'Android_MultiClient'
[2020.03.05-19.50.40:389][  0]LogTargetPlatformManager: Display: Loaded TargetPlatform 'IOSClient'
[2020.03.05-19.50.40:389][  0]LogTargetPlatformManager: Display: Loaded TargetPlatform 'IOS'
[2020.03.05-19.50.40:400][  0]LogTargetPlatformManager: Display: Loaded TargetPlatform 'LinuxNoEditor'
[2020.03.05-19.50.40:415][  0]LogTargetPlatformManager: Display: Loaded TargetPlatform 'LinuxClient'
[2020.03.05-19.50.40:430][  0]LogTargetPlatformManager: Display: Loaded TargetPlatform 'LinuxServer'
[2020.03.05-19.50.40:448][  0]LogTargetPlatformManager: Display: Loaded TargetPlatform 'LinuxAArch64NoEditor'
[2020.03.05-19.50.40:465][  0]LogTargetPlatformManager: Display: Loaded TargetPlatform 'LinuxAArch64Client'
[2020.03.05-19.50.40:483][  0]LogTargetPlatformManager: Display: Loaded TargetPlatform 'LinuxAArch64Server'
[2020.03.05-19.50.40:540][  0]LogTargetPlatformManager: Display: Loaded TargetPlatform 'Lumin'
[2020.03.05-19.50.40:540][  0]LogTargetPlatformManager: Display: Loaded TargetPlatform 'LuminClient'
[2020.03.05-19.50.40:573][  0]LogTargetPlatformManager: Display: Loaded TargetPlatform 'TVOSClient'
[2020.03.05-19.50.40:574][  0]LogTargetPlatformManager: Display: Loaded TargetPlatform 'TVOS'
[2020.03.05-19.50.40:592][  0]LogTargetPlatformManager: Display: Loaded TargetPlatform 'WindowsNoEditor'
[2020.03.05-19.50.40:605][  0]LogTargetPlatformManager: Display: Loaded TargetPlatform 'Windows'
[2020.03.05-19.50.40:615][  0]LogTargetPlatformManager: Display: Loaded TargetPlatform 'WindowsClient'
[2020.03.05-19.50.40:624][  0]LogTargetPlatformManager: Display: Loaded TargetPlatform 'WindowsServer'
[2020.03.05-19.50.40:624][  0]LogTargetPlatformManager: Display: Building Assets For Windows
[2020.03.05-19.50.40:628][  0]LogAudioDebug: Display: Lib vorbis DLL was dynamically loaded.
[2020.03.05-19.50.40:671][  0]LogShaderCompilers: Guid format shader working directory is -27 characters bigger than the processId version (../../../../../../Users/naugt/OneDrive/Documentos/Unreal Projects/FZeroX/Intermediate/Shaders/WorkingDirectory/13660/).
[2020.03.05-19.50.40:671][  0]LogShaderCompilers: Cleaned the shader compiler working directory 'C:/Users/naugt/AppData/Local/Temp/UnrealShaderWorkingDir/7F35097F4601D2A866971EAC151F20ED/'.
[2020.03.05-19.50.40:672][  0]LogXGEController: Cannot use XGE Controller as Incredibuild is not installed on this machine.
[2020.03.05-19.50.40:672][  0]LogShaderCompilers: Cannot use XGE Shader Compiler as Incredibuild is not installed on this machine.
[2020.03.05-19.50.40:672][  0]LogShaderCompilers: Display: Using Local Shader Compiler.
[2020.03.05-19.50.41:627][  0]LogDerivedDataCache: Display: Max Cache Size: 512 MB
[2020.03.05-19.50.41:711][  0]LogDerivedDataCache: Loaded boot cache 0.08s 78MB C:/Users/naugt/AppData/Local/UnrealEngine/4.24/DerivedDataCache/Boot.ddc.
[2020.03.05-19.50.41:711][  0]LogDerivedDataCache: Display: Loaded Boot cache: C:/Users/naugt/AppData/Local/UnrealEngine/4.24/DerivedDataCache/Boot.ddc
[2020.03.05-19.50.41:712][  0]LogDerivedDataCache: FDerivedDataBackendGraph:  Pak pak cache file ../../../../../../Users/naugt/OneDrive/Documentos/Unreal Projects/FZeroX/DerivedDataCache/DDC.ddp not found, will not use a pak cache.
[2020.03.05-19.50.41:712][  0]LogDerivedDataCache: Unable to find inner node Pak for hierarchical cache Hierarchy.
[2020.03.05-19.50.41:712][  0]LogDerivedDataCache: FDerivedDataBackendGraph:  CompressedPak pak cache file ../../../../../../Users/naugt/OneDrive/Documentos/Unreal Projects/FZeroX/DerivedDataCache/Compressed.ddp not found, will not use a pak cache.
[2020.03.05-19.50.41:712][  0]LogDerivedDataCache: Unable to find inner node CompressedPak for hierarchical cache Hierarchy.
[2020.03.05-19.50.41:726][  0]LogDerivedDataCache: Display: Pak cache opened for reading ../../../Engine/DerivedDataCache/Compressed.ddp.
[2020.03.05-19.50.41:726][  0]LogDerivedDataCache: FDerivedDataBackendGraph:  EnterprisePak pak cache file ../../../Enterprise/DerivedDataCache/Compressed.ddp not found, will not use a pak cache.
[2020.03.05-19.50.41:726][  0]LogDerivedDataCache: Unable to find inner node EnterprisePak for hierarchical cache Hierarchy.
[2020.03.05-19.50.41:728][  0]LogDerivedDataCache: Using Local data cache path C:/Users/naugt/AppData/Local/UnrealEngine/Common/DerivedDataCache: Writable
[2020.03.05-19.50.41:728][  0]LogDerivedDataCache: Shared data cache path not found in *engine.ini, will not use an Shared cache.
[2020.03.05-19.50.41:728][  0]LogDerivedDataCache: Unable to find inner node Shared for hierarchical cache Hierarchy.
[2020.03.05-19.50.41:765][  0]LogMaterial: Verifying Global Shaders for PCD3D_SM5
[2020.03.05-19.50.41:770][  0]LogSlate: Using FreeType 2.10.0
[2020.03.05-19.50.41:771][  0]LogSlate: SlateFontServices - WITH_FREETYPE: 1, WITH_HARFBUZZ: 1
[2020.03.05-19.50.41:840][  0]LogAssetRegistry: FAssetRegistry took 0.0037 seconds to start up
[2020.03.05-19.50.42:299][  0]LogInit: Selected Device Profile: [Windows]
[2020.03.05-19.50.42:497][  0]LogMeshReduction: Using QuadricMeshReduction for automatic static mesh reduction
[2020.03.05-19.50.42:497][  0]LogMeshReduction: Using SimplygonMeshReduction for automatic skeletal mesh reduction
[2020.03.05-19.50.42:497][  0]LogMeshReduction: Using ProxyLODMeshReduction for automatic mesh merging
[2020.03.05-19.50.42:497][  0]LogMeshReduction: No distributed automatic mesh merging module available
[2020.03.05-19.50.42:497][  0]LogMeshMerging: No distributed automatic mesh merging module available
[2020.03.05-19.50.42:509][  0]LogNetVersion: FZeroX 1.0.0, NetCL: 10570792, EngineNetVer: 13, GameNetVer: 0 (Checksum: 1485670644)
[2020.03.05-19.50.44:167][  0]LogPackageLocalizationCache: Processed 10 localized package path(s) for 1 prioritized culture(s) in 0.070357 seconds
[2020.03.05-19.50.44:183][  0]LogUObjectArray: 46750 objects as part of root set at end of initial load.
[2020.03.05-19.50.44:183][  0]LogUObjectAllocator: 8137160 out of 0 bytes used by permanent object pool.
[2020.03.05-19.50.44:183][  0]LogUObjectArray: CloseDisregardForGC: 0/0 objects in disregard for GC pool
[2020.03.05-19.50.44:747][  0]LogTcpMessaging: Initializing TcpMessaging bridge
[2020.03.05-19.50.44:749][  0]LogUdpMessaging: Initializing bridge on interface 0.0.0.0:0 to multicast group 230.0.0.1:6666.
[2020.03.05-19.50.44:816][  0]SourceControl: Source control is disabled
[2020.03.05-19.50.44:816][  0]SourceControl: Source control is disabled
[2020.03.05-19.50.44:818][  0]SourceControl: Source control is disabled
[2020.03.05-19.50.44:819][  0]SourceControl: Source control is disabled
[2020.03.05-19.50.44:820][  0]SourceControl: Source control is disabled
[2020.03.05-19.50.44:924][  0]LogAndroidPermission: UAndroidPermissionCallbackProxy::GetInstance
[2020.03.05-19.50.44:941][  0]LogAudioCaptureCore: Display: No Audio Capture implementations found. Audio input will be silent.
[2020.03.05-19.50.44:941][  0]LogAudioCaptureCore: Display: No Audio Capture implementations found. Audio input will be silent.
[2020.03.05-19.50.45:149][  0]LogOcInput: OculusInput pre-init called
[2020.03.05-19.50.45:162][  0]LogWindows: Failed to load 'OVRPlugin.dll' (GetLastError=126)
[2020.03.05-19.50.45:162][  0]LogWindows: File 'OVRPlugin.dll' does not exist
[2020.03.05-19.50.45:307][  0]LogEngine: Initializing Engine...
[2020.03.05-19.50.45:308][  0]LogHMD: Failed to initialize OpenVR with code 110
[2020.03.05-19.50.45:309][  0]LogStats: UGameplayTagsManager::InitializeManager -  0.000 s
[2020.03.05-19.50.45:849][  0]LogInit: Initializing FReadOnlyCVARCache
[2020.03.05-19.50.45:859][  0]LogAIModule: Creating AISystem for world Untitled
[2020.03.05-19.50.45:894][  0]LogAudioMixer: Display: Audio Mixer Platform Settings:
[2020.03.05-19.50.45:894][  0]LogAudioMixer: Display: 	Sample Rate:						  48000
[2020.03.05-19.50.45:894][  0]LogAudioMixer: Display: 	Callback Buffer Frame Size Requested: 1024
[2020.03.05-19.50.45:894][  0]LogAudioMixer: Display: 	Callback Buffer Frame Size To Use:	  1024
[2020.03.05-19.50.45:894][  0]LogAudioMixer: Display: 	Number of buffers to queue:			  2
[2020.03.05-19.50.45:894][  0]LogAudioMixer: Display: 	Max Channels (voices):				  32
[2020.03.05-19.50.45:894][  0]LogAudioMixer: Display: 	Number of Async Source Workers:		  0
[2020.03.05-19.50.45:894][  0]LogAudio: Display: AudioDevice MaxSources: 32
[2020.03.05-19.50.45:895][  0]LogAudio: Display: Using built-in audio occlusion.
[2020.03.05-19.50.45:895][  0]LogAudioMixer: Display: Initializing audio mixer.
[2020.03.05-19.50.45:909][  0]LogAudioMixer: Display: Audio Device Output Speaker Info:
[2020.03.05-19.50.45:909][  0]LogAudioMixer: Display: Name: Altavoz/Auricular (Realtek(R) Audio)
[2020.03.05-19.50.45:909][  0]LogAudioMixer: Display: Is Default: Yes
[2020.03.05-19.50.45:909][  0]LogAudioMixer: Display: Sample Rate: 48000
[2020.03.05-19.50.45:909][  0]LogAudioMixer: Display: Channel Count Used: 2
[2020.03.05-19.50.45:909][  0]LogAudioMixer: Display: Device Channel Count: 2
[2020.03.05-19.50.45:909][  0]LogAudioMixer: Display: Channel Order:
[2020.03.05-19.50.45:909][  0]LogAudioMixer: Display: 0: FrontLeft
[2020.03.05-19.50.45:909][  0]LogAudioMixer: Display: 1: FrontRight
[2020.03.05-19.50.45:947][  0]LogAudioMixer: Display: Using Audio Device Altavoz/Auricular (Realtek(R) Audio)
[2020.03.05-19.50.45:953][  0]LogInit: FAudioDevice initialized.
[2020.03.05-19.50.45:954][  0]LogNetVersion: Set ProjectVersion to 1.0.0.0. Version Checksum will be recalculated on next use.
[2020.03.05-19.50.46:047][  0]LogDerivedDataCache: Saved boot cache 0.09s 78MB C:/Users/naugt/AppData/Local/UnrealEngine/4.24/DerivedDataCache/Boot.ddc.
[2020.03.05-19.50.46:053][  0]LogInit: Texture streaming: Enabled
[2020.03.05-19.50.46:067][  0]LogEngineSessionManager: EngineSessionManager initialized
[2020.03.05-19.50.46:067][  0]LogEditorSessionSummary: Verbose: Initializing EditorSessionSummaryWriter for editor session tracking
[2020.03.05-19.50.46:070][  0]LogEditorSessionSummary: EditorSessionSummaryWriter initialized
[2020.03.05-19.50.46:186][  0]LogInit: Transaction tracking system initialized
[2020.03.05-19.50.46:217][  0]BlueprintLog: New page: Editor Load
[2020.03.05-19.50.46:301][  0]LocalizationService: Localization service is disabled
[2020.03.05-19.50.46:391][  0]LogLinker: Warning: Failed to load '/Game/TopDownBP/TopDownOverview': Can't find file.
[2020.03.05-19.50.46:392][  0]LogLinker: Warning: Failed to load '/Game/TopDownBP/TopDownOverview': Can't find file.
[2020.03.05-19.50.46:392][  0]LogUObjectGlobals: Warning: Failed to find object 'Class /Game/TopDownBP/TopDownOverview.TopDownOverview_C'
[2020.03.05-19.50.46:898][  0]LogFileCache: Scanning file cache for directory 'C:/Users/naugt/OneDrive/Documentos/Unreal Projects/FZeroX/Content/' took 0.01s
[2020.03.05-19.50.46:898][  0]LogCook: Display: Max memory allowance for cook 16384mb min free memory 0mb
[2020.03.05-19.50.46:899][  0]LogCook: Display: Mobile HDR setting 1
[2020.03.05-19.50.47:810][  0]SourceControl: Source control is disabled
[2020.03.05-19.50.47:810][  0]Cmd: MAP LOAD FILE="../../../../../../Users/naugt/OneDrive/Documentos/Unreal Projects/FZeroX/Content/StarterContent/Maps/Minimal_Default.umap" TEMPLATE=0 SHOWPROGRESS=1 FEATURELEVEL=3
[2020.03.05-19.50.47:811][  0]LightingResults: New page: Lighting Build
[2020.03.05-19.50.47:812][  0]LogWorld: UWorld::CleanupWorld for Untitled, bSessionEnded=true, bCleanupResources=true
[2020.03.05-19.50.47:812][  0]LogSlate: InvalidateAllWidgets triggered.  All widgets were invalidated
[2020.03.05-19.50.47:812][  0]MapCheck: New page: Map Check
[2020.03.05-19.50.47:812][  0]LightingResults: New page: Lighting Build
[2020.03.05-19.50.47:849][  0]LogUObjectHash: Compacting FUObjectHashTables data took   2.05ms
[2020.03.05-19.50.48:052][  0]LogPhysics: Warning: Failed to cook TriMesh: /Game/Naves/blue_falcon_1_Mesh11_cabina1_Model.blue_falcon_1_Mesh11_cabina1_Model.
[2020.03.05-19.50.48:052][  0]LogPhysics: Warning: Attempt to build physics data for /Game/Naves/blue_falcon_1_Mesh11_cabina1_Model.blue_falcon_1_Mesh11_cabina1_Model:BodySetup_0 when we are unable to.
[2020.03.05-19.50.48:223][  0]LogStaticMesh: Building static mesh Floor_400x400...
[2020.03.05-19.50.48:232][  0]LogStaticMesh: Built static mesh [0.01s] /Game/StarterContent/Architecture/Floor_400x400.Floor_400x400
[2020.03.05-19.50.48:485][  0]LogAIModule: Creating AISystem for world Minimal_Default
[2020.03.05-19.50.48:511][  0]LogPhysics: Warning: PopulatePhysXGeometryAndTransform(Convex): ConvexElem is missing ConvexMesh
[2020.03.05-19.50.48:511][  0]LogPhysics: Warning: ForeachShape(Convex): ScaledElem[0] invalid
[2020.03.05-19.50.48:517][  0]LogPhysics: Warning: PopulatePhysXGeometryAndTransform(Convex): ConvexElem is missing ConvexMesh
[2020.03.05-19.50.48:517][  0]LogPhysics: Warning: ForeachShape(Convex): ScaledElem[0] invalid
[2020.03.05-19.50.48:521][  0]LogPhysics: Warning: PopulatePhysXGeometryAndTransform(Convex): ConvexElem is missing ConvexMesh
[2020.03.05-19.50.48:521][  0]LogPhysics: Warning: ForeachShape(Convex): ScaledElem[0] invalid
[2020.03.05-19.50.48:521][  0]LogEditorServer: Finished looking for orphan Actors (0.000 secs)
[2020.03.05-19.50.48:592][  0]LogUObjectHash: Compacting FUObjectHashTables data took   3.92ms
[2020.03.05-19.50.48:594][  0]Cmd: MAP CHECKDEP NOCLEARLOG
[2020.03.05-19.50.48:594][  0]MapCheck: Map check complete: 0 Error(s), 0 Warning(s), took 0,238ms to complete.
[2020.03.05-19.50.48:594][  0]LogFileHelpers: Loading map 'Minimal_Default' took 0.784
[2020.03.05-19.50.48:801][  0]LogSlate: Updating window title bar state: overlay mode, drag disabled, window buttons hidden, title bar hidden
[2020.03.05-19.50.48:809][  0]LogSlate: Updating window title bar state: overlay mode, drag disabled, window buttons hidden, title bar hidden
[2020.03.05-19.50.48:819][  0]LogSlate: Updating window title bar state: overlay mode, drag disabled, window buttons hidden, title bar hidden
[2020.03.05-19.50.48:829][  0]LogSlate: Updating window title bar state: overlay mode, drag disabled, window buttons hidden, title bar hidden
[2020.03.05-19.50.48:846][  0]LogCollectionManager: Loaded 0 collections in 0.002648 seconds
[2020.03.05-19.50.48:878][  0]LogFileCache: Scanning file cache for directory 'C:/Users/naugt/OneDrive/Documentos/Unreal Projects/FZeroX/Saved/Collections/' took 0.00s
[2020.03.05-19.50.48:879][  0]LogFileCache: Scanning file cache for directory 'C:/Users/naugt/OneDrive/Documentos/Unreal Projects/FZeroX/Content/Developers/naugt/Collections/' took 0.00s
[2020.03.05-19.50.48:879][  0]LogFileCache: Scanning file cache for directory 'C:/Users/naugt/OneDrive/Documentos/Unreal Projects/FZeroX/Content/Collections/' took 0.00s
[2020.03.05-19.50.48:879][  0]LogContentBrowser: Native class hierarchy populated in 0.0103 seconds. Added 3015 classes and 717 folders.
[2020.03.05-19.50.48:888][  0]LogContentBrowser: Native class hierarchy updated for 'WidgetCarousel' in 0.0003 seconds. Added 0 classes and 0 folders.
[2020.03.05-19.50.49:627][  0]LogContentBrowser: Native class hierarchy updated for 'AddContentDialog' in 0.0005 seconds. Added 0 classes and 0 folders.
[2020.03.05-19.50.49:645][  0]LogContentBrowser: Native class hierarchy updated for 'SceneOutliner' in 0.0005 seconds. Added 2 classes and 3 folders.
[2020.03.05-19.50.49:796][  0]LogSlate: Took 0.000336 seconds to synchronously load lazily loaded font '../../../Engine/Content/Slate/Fonts/Roboto-Regular.ttf' (155K)
[2020.03.05-19.50.49:804][  0]LogSlate: Took 0.000357 seconds to synchronously load lazily loaded font '../../../Engine/Content/Slate/Fonts/Roboto-Bold.ttf' (160K)
[2020.03.05-19.50.49:840][  0]LogSlate: Took 0.017707 seconds to synchronously load lazily loaded font '../../../Engine/Content/Editor/Slate/Fonts/FontAwesome.ttf' (139K)
[2020.03.05-19.50.50:087][  0]LogRenderer: Reallocating scene render targets to support 824x464 Format 10 NumSamples 1 (Frame:1).
[2020.03.05-19.50.50:184][  0]LogSlate: Took 0.006632 seconds to synchronously load lazily loaded font '../../../Engine/Content/Slate/Fonts/Roboto-Light.ttf' (167K)
[2020.03.05-19.50.50:266][  0]LogContentBrowser: Native class hierarchy updated for 'HierarchicalLODOutliner' in 0.0004 seconds. Added 0 classes and 0 folders.
[2020.03.05-19.50.50:266][  0]LogLoad: (Engine Initialization) Total time: 13.63 seconds
[2020.03.05-19.50.50:266][  0]LogLoad: (Engine Initialization) Total Blueprint compile time: 0.00 seconds
[2020.03.05-19.50.50:454][  0]LogContentStreaming: Texture pool size now 1000 MB
[2020.03.05-19.50.50:502][  1]LogAssetRegistry: Asset discovery search completed in 8.6630 seconds
[2020.03.05-19.50.50:509][  1]LogCollectionManager: Fixed up redirectors for 0 collections in 0.000012 seconds (updated 0 objects)
[2020.03.05-19.51.11:932][327]LogWindows: Warning: CreateProc failed: El sistema no puede encontrar el archivo especificado. (0x00000002)
[2020.03.05-19.51.11:932][327]LogWindows: Warning: URL: C:/Program Files/Git/bin/git.exe version
[2020.03.05-19.51.11:932][327]LogWindows: Warning: CreateProc failed: El sistema no puede encontrar el archivo especificado. (0x00000002)
[2020.03.05-19.51.11:932][327]LogWindows: Warning: URL: C:/Program Files (x86)/Git/bin/git.exe version
[2020.03.05-19.51.11:932][327]LogWindows: Warning: CreateProc failed: El sistema no puede encontrar el archivo especificado. (0x00000002)
[2020.03.05-19.51.11:932][327]LogWindows: Warning: URL: C:\Users\naugt\AppData\Local/Programs/Git/cmd/git.exe version
[2020.03.05-19.51.11:933][327]LogWindows: Warning: CreateProc failed: El sistema no puede encontrar el archivo especificado. (0x00000002)
[2020.03.05-19.51.11:933][327]LogWindows: Warning: URL: C:/Program Files (x86)/SmartGit/git/bin/git.exe version
[2020.03.05-19.51.11:933][327]LogWindows: Warning: CreateProc failed: El sistema no puede encontrar el archivo especificado. (0x00000002)
[2020.03.05-19.51.11:933][327]LogWindows: Warning: URL: C:/Program Files (x86)/SmartGit/bin/git.exe version
[2020.03.05-19.51.11:933][327]LogWindows: Warning: CreateProc failed: El sistema no puede encontrar el archivo especificado. (0x00000002)
[2020.03.05-19.51.11:933][327]LogWindows: Warning: URL: C:\Users\naugt\AppData\Local/Atlassian/SourceTree/git_local/bin/git.exe version
[2020.03.05-19.51.11:933][327]LogWindows: Warning: CreateProc failed: El sistema no puede encontrar el archivo especificado. (0x00000002)
[2020.03.05-19.51.11:933][327]LogWindows: Warning: URL: C:/Program Files (x86)/fournova/Tower/vendor/Git/bin/git.exe version
[2020.03.05-19.52.36:777][434]LogSourceControl: Warning: '../../../../../../Users/naugt/OneDrive/Documentos/Unreal Projects/FZeroX/' is not part of a Git repository
[2020.03.05-19.52.57:547][723]LogSlate: Window 'Source Control Login' being destroyed
[2020.03.05-19.53.51:447][972]SourceControl: Error: warning: LF will be replaced by CRLF in .gitignore.
[2020.03.05-19.53.51:447][972]SourceControl: Error: The file will have its original line endings in your working directory
[2020.03.05-19.53.51:447][972]SourceControl: Error: warning: LF will be replaced by CRLF in README.md.
[2020.03.05-19.53.51:447][972]SourceControl: Error: The file will have its original line endings in your working directory
[2020.03.05-19.54.06:665][ 96]LogEditorViewport: Clicking on Actor (LMB): BP_Nave_C (BP_Nave)
[2020.03.05-19.54.08:760][152]LogPhysics: Warning: PopulatePhysXGeometryAndTransform(Convex): ConvexElem is missing ConvexMesh
[2020.03.05-19.54.08:760][152]LogPhysics: Warning: ForeachShape(Convex): ScaledElem[0] invalid
[2020.03.05-19.54.08:763][152]LogPhysics: Warning: PopulatePhysXGeometryAndTransform(Convex): ConvexElem is missing ConvexMesh
[2020.03.05-19.54.08:763][152]LogPhysics: Warning: ForeachShape(Convex): ScaledElem[0] invalid
[2020.03.05-19.54.08:844][155]LogPhysics: Warning: PopulatePhysXGeometryAndTransform(Convex): ConvexElem is missing ConvexMesh
[2020.03.05-19.54.08:845][155]LogPhysics: Warning: ForeachShape(Convex): ScaledElem[0] invalid
[2020.03.05-19.54.08:848][155]LogPhysics: Warning: PopulatePhysXGeometryAndTransform(Convex): ConvexElem is missing ConvexMesh
[2020.03.05-19.54.08:848][155]LogPhysics: Warning: ForeachShape(Convex): ScaledElem[0] invalid
[2020.03.05-19.54.08:907][157]LogPhysics: Warning: PopulatePhysXGeometryAndTransform(Convex): ConvexElem is missing ConvexMesh
[2020.03.05-19.54.08:908][157]LogPhysics: Warning: ForeachShape(Convex): ScaledElem[0] invalid
[2020.03.05-19.54.08:913][157]LogPhysics: Warning: PopulatePhysXGeometryAndTransform(Convex): ConvexElem is missing ConvexMesh
[2020.03.05-19.54.08:913][157]LogPhysics: Warning: ForeachShape(Convex): ScaledElem[0] invalid
[2020.03.05-19.54.08:930][158]LogPhysics: Warning: PopulatePhysXGeometryAndTransform(Convex): ConvexElem is missing ConvexMesh
[2020.03.05-19.54.08:930][158]LogPhysics: Warning: ForeachShape(Convex): ScaledElem[0] invalid
[2020.03.05-19.54.08:933][158]LogPhysics: Warning: PopulatePhysXGeometryAndTransform(Convex): ConvexElem is missing ConvexMesh
[2020.03.05-19.54.08:933][158]LogPhysics: Warning: ForeachShape(Convex): ScaledElem[0] invalid
[2020.03.05-19.54.09:005][160]LogPhysics: Warning: PopulatePhysXGeometryAndTransform(Convex): ConvexElem is missing ConvexMesh
[2020.03.05-19.54.09:005][160]LogPhysics: Warning: ForeachShape(Convex): ScaledElem[0] invalid
[2020.03.05-19.54.09:007][160]LogPhysics: Warning: PopulatePhysXGeometryAndTransform(Convex): ConvexElem is missing ConvexMesh
[2020.03.05-19.54.09:007][160]LogPhysics: Warning: ForeachShape(Convex): ScaledElem[0] invalid
[2020.03.05-19.54.09:106][163]LogPhysics: Warning: PopulatePhysXGeometryAndTransform(Convex): ConvexElem is missing ConvexMesh
[2020.03.05-19.54.09:106][163]LogPhysics: Warning: ForeachShape(Convex): ScaledElem[0] invalid
[2020.03.05-19.54.09:110][163]LogPhysics: Warning: PopulatePhysXGeometryAndTransform(Convex): ConvexElem is missing ConvexMesh
[2020.03.05-19.54.09:110][163]LogPhysics: Warning: ForeachShape(Convex): ScaledElem[0] invalid
[2020.03.05-19.54.09:274][168]LogPhysics: Warning: PopulatePhysXGeometryAndTransform(Convex): ConvexElem is missing ConvexMesh
[2020.03.05-19.54.09:274][168]LogPhysics: Warning: ForeachShape(Convex): ScaledElem[0] invalid
[2020.03.05-19.54.09:276][168]LogPhysics: Warning: PopulatePhysXGeometryAndTransform(Convex): ConvexElem is missing ConvexMesh
[2020.03.05-19.54.09:276][168]LogPhysics: Warning: ForeachShape(Convex): ScaledElem[0] invalid
[2020.03.05-19.54.11:508][212]LogSlate: Took 0.000152 seconds to synchronously load lazily loaded font '../../../Engine/Content/Slate/Fonts/Roboto-Light.ttf' (167K)
[2020.03.05-19.54.11:646][212]LogUObjectHash: Compacting FUObjectHashTables data took   3.37ms
[2020.03.05-19.54.11:933][212]LogSavePackage: Moving '../../../../../../Users/naugt/OneDrive/Documentos/Unreal Projects/FZeroX/Saved/Minimal_Default331B820C46EEE500056B6185A0937EB0.tmp' to '../../../../../../Users/naugt/OneDrive/Documentos/Unreal Projects/FZeroX/Content/StarterContent/Maps/Minimal_Default.umap'
[2020.03.05-19.54.12:531][212]LogSavePackage: Moving '../../../../../../Users/naugt/OneDrive/Documentos/Unreal Projects/FZeroX/Saved/Minimal_Default_BuiltDataF8524B7E43EE6CB5CA6CBB968B487354.tmp' to '../../../../../../Users/naugt/OneDrive/Documentos/Unreal Projects/FZeroX/Content/StarterContent/Maps/Minimal_Default_BuiltData.uasset'
[2020.03.05-19.54.12:547][212]AssetCheck: New page: Asset Save: multiple assets
[2020.03.05-19.54.12:547][212]LogContentValidation: Display: Validating World /Game/StarterContent/Maps/Minimal_Default.Minimal_Default
[2020.03.05-19.54.12:547][212]LogContentValidation: Display: Validating MapBuildDataRegistry /Game/StarterContent/Maps/Minimal_Default_BuiltData.Minimal_Default_BuiltData
[2020.03.05-19.54.37:555][356]LogUObjectHash: Compacting FUObjectHashTables data took   2.23ms
[2020.03.05-19.54.37:691][356]LogSavePackage: Moving '../../../../../../Users/naugt/OneDrive/Documentos/Unreal Projects/FZeroX/Saved/Minimal_Default60D7219B489F7708005977A846BFB5B8.tmp' to '../../../../../../Users/naugt/OneDrive/Documentos/Unreal Projects/FZeroX/Content/StarterContent/Maps/Minimal_Default.umap'
[2020.03.05-19.54.38:052][356]LogSavePackage: Moving '../../../../../../Users/naugt/OneDrive/Documentos/Unreal Projects/FZeroX/Saved/Minimal_Default_BuiltDataC37F97B94FB49AC4485CD2876AE2E848.tmp' to '../../../../../../Users/naugt/OneDrive/Documentos/Unreal Projects/FZeroX/Content/StarterContent/Maps/Minimal_Default_BuiltData.uasset'
[2020.03.05-19.54.38:077][356]AssetCheck: New page: Asset Save: multiple assets
[2020.03.05-19.54.38:077][356]LogContentValidation: Display: Validating World /Game/StarterContent/Maps/Minimal_Default.Minimal_Default
[2020.03.05-19.54.38:077][356]LogContentValidation: Display: Validating MapBuildDataRegistry /Game/StarterContent/Maps/Minimal_Default_BuiltData.Minimal_Default_BuiltData
[2020.03.05-19.54.43:349][470]SourceControl: fatal: C:/Program Files/Epic Games/UE_4.24/Engine/Content: 'C:/Program Files/Epic Games/UE_4.24/Engine/Content' is outside repository
[2020.03.05-19.54.43:581][470]LogPackageName: Error: Illegal call to DoesPackageExist: '../../../../../../Users/naugt/OneDrive/Documentos/Unreal Projects/FZeroX/FZeroX.uproject' is not a standard unreal filename or a long path name. Reason: Path should start with a '/'
[2020.03.05-19.54.43:582][470]LogOutputDevice: Warning: 

Script Stack (0 frames):

[2020.03.05-19.54.43:666][470]LogStats: FPlatformStackWalk::StackWalkAndDump -  0.084 s
[2020.03.05-19.54.43:667][470]LogOutputDevice: Error: === Handled ensure: ===
[2020.03.05-19.54.43:667][470]LogOutputDevice: Error: 
[2020.03.05-19.54.43:667][470]LogOutputDevice: Error: Ensure condition failed: false [File:D:/Build/++UE4/Sync/Engine/Source/Runtime/CoreUObject/Private/Misc/PackageName.cpp] [Line: 873]
[2020.03.05-19.54.43:667][470]LogOutputDevice: Error: Illegal call to DoesPackageExist: '../../../../../../Users/naugt/OneDrive/Documentos/Unreal Projects/FZeroX/FZeroX.uproject' is not a standard unreal filename or a long path name. Reason: Path should start with a '/'
[2020.03.05-19.54.43:667][470]LogOutputDevice: Error: Stack: 
[2020.03.05-19.54.43:667][470]LogOutputDevice: Error: [Callstack] 0x00007ffeaa9180b7 UE4Editor-CoreUObject.dll!UnknownFunction []
[2020.03.05-19.54.43:667][470]LogOutputDevice: Error: [Callstack] 0x00007ffeaa563bc1 UE4Editor-CoreUObject.dll!UnknownFunction []
[2020.03.05-19.54.43:667][470]LogOutputDevice: Error: [Callstack] 0x00007ffe9ee56365 UE4Editor-SourceControl.dll!UnknownFunction []
[2020.03.05-19.54.43:667][470]LogOutputDevice: Error: [Callstack] 0x00007ffe9ee564bc UE4Editor-SourceControl.dll!UnknownFunction []
[2020.03.05-19.54.43:667][470]LogOutputDevice: Error: [Callstack] 0x00007ffe9c1b04f5 UE4Editor-SourceControlWindows.dll!UnknownFunction []
[2020.03.05-19.54.43:667][470]LogOutputDevice: Error: [Callstack] 0x00007ffe9c168e4d UE4Editor-SourceControlWindows.dll!UnknownFunction []
[2020.03.05-19.54.43:667][470]LogOutputDevice: Error: [Callstack] 0x00007ffe9c16869a UE4Editor-SourceControlWindows.dll!UnknownFunction []
[2020.03.05-19.54.43:667][470]LogOutputDevice: Error: [Callstack] 0x00007ffe9c180da6 UE4Editor-SourceControlWindows.dll!UnknownFunction []
[2020.03.05-19.54.43:667][470]LogOutputDevice: Error: [Callstack] 0x00007ffe8fc9b4e3 UE4Editor-GitSourceControl.dll!UnknownFunction []
[2020.03.05-19.54.43:667][470]LogOutputDevice: Error: [Callstack] 0x00007ffe8fc9fe31 UE4Editor-GitSourceControl.dll!UnknownFunction []
[2020.03.05-19.54.43:667][470]LogOutputDevice: Error: [Callstack] 0x00007ffe9ee5ade9 UE4Editor-SourceControl.dll!UnknownFunction []
[2020.03.05-19.54.43:667][470]LogOutputDevice: Error: [Callstack] 0x00007ffea31ab479 UE4Editor-UnrealEd.dll!UnknownFunction []
[2020.03.05-19.54.43:667][470]LogOutputDevice: Error: [Callstack] 0x00007ffea3a0e3b6 UE4Editor-UnrealEd.dll!UnknownFunction []
[2020.03.05-19.54.43:667][470]LogOutputDevice: Error: [Callstack] 0x00007ff75d477f62 UE4Editor.exe!UnknownFunction []
[2020.03.05-19.54.43:667][470]LogOutputDevice: Error: [Callstack] 0x00007ff75d48c3ec UE4Editor.exe!UnknownFunction []
[2020.03.05-19.54.43:667][470]LogOutputDevice: Error: [Callstack] 0x00007ff75d48c4ca UE4Editor.exe!UnknownFunction []
[2020.03.05-19.54.43:667][470]LogOutputDevice: Error: [Callstack] 0x00007ff75d49ceae UE4Editor.exe!UnknownFunction []
[2020.03.05-19.54.43:667][470]LogOutputDevice: Error: [Callstack] 0x00007ff75d49fcbe UE4Editor.exe!UnknownFunction []
[2020.03.05-19.54.43:667][470]LogOutputDevice: Error: [Callstack] 0x00007fff252e7974 KERNEL32.DLL!UnknownFunction []
[2020.03.05-19.54.43:667][470]LogOutputDevice: Error: [Callstack] 0x00007fff2587a261 ntdll.dll!UnknownFunction []
[2020.03.05-19.54.43:668][470]LogOutputDevice: Error: 
[2020.03.05-19.54.43:674][470]LogStats:                SubmitErrorReport -  0.000 s
[2020.03.05-19.54.47:263][470]LogStats:                    SendNewReport -  3.589 s
[2020.03.05-19.54.47:263][470]LogStats:             FDebug::EnsureFailed -  3.680 s
[2020.03.05-19.57.06:867][470]LogSlate: Window 'Submit Files' being destroyed
[2020.03.05-19.57.06:885][470]LogTemp: Resetting audio stream to device id 
[2020.03.05-19.57.06:905][470]LogAudioMixer: Display: Audio Device Output Speaker Info:
[2020.03.05-19.57.06:905][470]LogAudioMixer: Display: Name: Altavoz/Auricular (Realtek(R) Audio)
[2020.03.05-19.57.06:906][470]LogAudioMixer: Display: Is Default: Yes
[2020.03.05-19.57.06:906][470]LogAudioMixer: Display: Sample Rate: 48000
[2020.03.05-19.57.06:906][470]LogAudioMixer: Display: Channel Count Used: 2
[2020.03.05-19.57.06:906][470]LogAudioMixer: Display: Device Channel Count: 2
[2020.03.05-19.57.06:906][470]LogAudioMixer: Display: Channel Order:
[2020.03.05-19.57.06:906][470]LogAudioMixer: Display: 0: FrontLeft
[2020.03.05-19.57.06:906][470]LogAudioMixer: Display: 1: FrontRight
[2020.03.05-20.04.09:649][838]LogEditorViewport: Clicking on Actor (LMB): BP_Nave_C (BP_Nave)
[2020.03.05-20.04.10:738][872]LogPhysics: Warning: PopulatePhysXGeometryAndTransform(Convex): ConvexElem is missing ConvexMesh
[2020.03.05-20.04.10:738][872]LogPhysics: Warning: ForeachShape(Convex): ScaledElem[0] invalid
[2020.03.05-20.04.10:744][872]LogPhysics: Warning: PopulatePhysXGeometryAndTransform(Convex): ConvexElem is missing ConvexMesh
[2020.03.05-20.04.10:744][872]LogPhysics: Warning: ForeachShape(Convex): ScaledElem[0] invalid
[2020.03.05-20.04.10:805][874]LogPhysics: Warning: PopulatePhysXGeometryAndTransform(Convex): ConvexElem is missing ConvexMesh
[2020.03.05-20.04.10:805][874]LogPhysics: Warning: ForeachShape(Convex): ScaledElem[0] invalid
[2020.03.05-20.04.10:808][874]LogPhysics: Warning: PopulatePhysXGeometryAndTransform(Convex): ConvexElem is missing ConvexMesh
[2020.03.05-20.04.10:808][874]LogPhysics: Warning: ForeachShape(Convex): ScaledElem[0] invalid
[2020.03.05-20.04.10:984][879]LogPhysics: Warning: PopulatePhysXGeometryAndTransform(Convex): ConvexElem is missing ConvexMesh
[2020.03.05-20.04.10:984][879]LogPhysics: Warning: ForeachShape(Convex): ScaledElem[0] invalid
[2020.03.05-20.04.10:987][879]LogPhysics: Warning: PopulatePhysXGeometryAndTransform(Convex): ConvexElem is missing ConvexMesh
[2020.03.05-20.04.10:988][879]LogPhysics: Warning: ForeachShape(Convex): ScaledElem[0] invalid
[2020.03.05-20.04.11:226][886]LogPhysics: Warning: PopulatePhysXGeometryAndTransform(Convex): ConvexElem is missing ConvexMesh
[2020.03.05-20.04.11:227][886]LogPhysics: Warning: ForeachShape(Convex): ScaledElem[0] invalid
[2020.03.05-20.04.11:235][886]LogPhysics: Warning: PopulatePhysXGeometryAndTransform(Convex): ConvexElem is missing ConvexMesh
[2020.03.05-20.04.11:235][886]LogPhysics: Warning: ForeachShape(Convex): ScaledElem[0] invalid
[2020.03.05-20.04.11:283][888]LogPhysics: Warning: PopulatePhysXGeometryAndTransform(Convex): ConvexElem is missing ConvexMesh
[2020.03.05-20.04.11:283][888]LogPhysics: Warning: ForeachShape(Convex): ScaledElem[0] invalid
[2020.03.05-20.04.11:286][888]LogPhysics: Warning: PopulatePhysXGeometryAndTransform(Convex): ConvexElem is missing ConvexMesh
[2020.03.05-20.04.11:286][888]LogPhysics: Warning: ForeachShape(Convex): ScaledElem[0] invalid
[2020.03.05-20.04.11:599][898]LogPhysics: Warning: PopulatePhysXGeometryAndTransform(Convex): ConvexElem is missing ConvexMesh
[2020.03.05-20.04.11:599][898]LogPhysics: Warning: ForeachShape(Convex): ScaledElem[0] invalid
[2020.03.05-20.04.11:600][898]LogPhysics: Warning: PopulatePhysXGeometryAndTransform(Convex): ConvexElem is missing ConvexMesh
[2020.03.05-20.04.11:600][898]LogPhysics: Warning: ForeachShape(Convex): ScaledElem[0] invalid
[2020.03.05-20.04.37:677][ 16]LogUObjectHash: Compacting FUObjectHashTables data took   4.42ms
[2020.03.05-20.04.38:007][ 16]LogSavePackage: Moving '../../../../../../Users/naugt/OneDrive/Documentos/Unreal Projects/FZeroX/Saved/Minimal_Default_Auto18B1B328F492CB5A947EDFCA9B9231D97.tmp' to '../../../../../../Users/naugt/OneDrive/Documentos/Unreal Projects/FZeroX/Saved/Autosaves/Game/StarterContent/Maps/Minimal_Default_Auto1.umap'
[2020.03.05-20.04.38:023][ 16]LogFileHelpers: Editor autosave (incl. sublevels) for '/Game/StarterContent/Maps/Minimal_Default' took 0.418
[2020.03.05-20.04.38:023][ 16]LogFileHelpers: Editor autosave (incl. sublevels) for all levels took 0.418
[2020.03.05-20.05.05:312][363]LogSlate: Window 'Pick Parent Class' being destroyed
[2020.03.05-20.05.24:083][622]LogUObjectHash: Compacting FUObjectHashTables data took   5.42ms
[2020.03.05-20.05.26:036][622]LogSlate: Window 'Delete Assets' being destroyed
[2020.03.05-20.05.26:323][622]LogUObjectHash: Compacting FUObjectHashTables data took   2.17ms
[2020.03.05-20.05.35:967][704]LogEditorViewport: Clicking on Actor (LMB): BP_Nave_C (BP_Nave)
